<?xml version="1.0" encoding="UTF-8"?>
<!-- Generated by org.testng.reporters.JUnitReportReporter -->
<testsuite hostname="LIN35006831" failures="0" tests="1" name="com.qa.ct.juducialbranch.tests.ValidateSelectCity" time="170.149" errors="0" timestamp="11 Apr 2021 20:08:07 GMT">
  <testcase classname="com.qa.ct.juducialbranch.tests.ValidateSelectCity" name="fetchDesiredCity" time="170.149"/>
</testsuite> <!-- com.qa.ct.juducialbranch.tests.ValidateSelectCity -->
